TOTAL_ACCESSES = 181
TOTAL_MISSES = 78
COMPULSORY_MISSES = 48
CAPACITY_MISSES = 30
MISS
MISS
MISS
MISS
HIT
HIT
HIT
HIT
HIT
HIT
HIT
HIT
HIT
HIT
HIT
HIT
HIT
HIT
HIT
HIT
HIT
HIT
HIT
HIT
HIT
HIT
HIT
HIT
MISS
MISS
MISS
HIT
MISS
HIT
HIT
HIT
MISS
HIT
MISS
HIT
HIT
HIT
MISS
MISS
MISS
MISS
MISS
HIT
MISS
MISS
MISS
HIT
HIT
HIT
MISS
MISS
HIT
HIT
MISS
HIT
HIT
MISS
HIT
HIT
HIT
HIT
HIT
HIT
MISS
HIT
HIT
HIT
HIT
HIT
MISS
HIT
HIT
MISS
HIT
HIT
HIT
MISS
MISS
MISS
HIT
HIT
HIT
HIT
HIT
MISS
HIT
HIT
HIT
HIT
HIT
MISS
HIT
HIT
HIT
HIT
MISS
HIT
HIT
HIT
HIT
HIT
HIT
HIT
HIT
HIT
HIT
HIT
HIT
HIT
HIT
HIT
MISS
HIT
MISS
MISS
HIT
MISS
MISS
MISS
MISS
HIT
HIT
HIT
MISS
HIT
HIT
HIT
MISS
MISS
MISS
MISS
MISS
MISS
MISS
HIT
HIT
MISS
HIT
HIT
MISS
MISS
MISS
MISS
MISS
MISS
MISS
MISS
MISS
MISS
MISS
MISS
HIT
MISS
MISS
MISS
MISS
MISS
MISS
MISS
MISS
HIT
MISS
HIT
MISS
MISS
HIT
MISS
MISS
MISS
HIT
MISS
MISS
MISS
MISS
HIT
MISS
